<?xml version="1.0" encoding="UTF-8"?>
<testsuite name="com.montaury.pokebagarre.metier.PokemonTests" tests="5" skipped="0" failures="0" errors="0" timestamp="2025-02-20T08:52:27" hostname="PCVIUT196" time="0.298">
  <properties/>
  <testcase name="stat_meme()" classname="com.montaury.pokebagarre.metier.PokemonTests" time="0.284"/>
  <testcase name="force_inf()" classname="com.montaury.pokebagarre.metier.PokemonTests" time="0.002"/>
  <testcase name="force_sup()" classname="com.montaury.pokebagarre.metier.PokemonTests" time="0.001"/>
  <testcase name="def_inf()" classname="com.montaury.pokebagarre.metier.PokemonTests" time="0.001"/>
  <testcase name="def_sup()" classname="com.montaury.pokebagarre.metier.PokemonTests" time="0.001"/>
  <system-out><![CDATA[]]></system-out>
  <system-err><![CDATA[]]></system-err>
</testsuite>
